<?xml version="1.0" encoding="UTF-8"?>
<testsuite xmlns:xsi="http://www.w3.org/2001/XMLSchema-instance" xsi:noNamespaceSchemaLocation="https://maven.apache.org/surefire/maven-surefire-plugin/xsd/surefire-test-report-3.0.xsd" version="3.0" name="com.e2eTest.automation.RunWebSuiteTest" time="25.969" tests="4" errors="0" skipped="0" failures="0">
  <properties>
[...]
</properties>
  <testcase name="Je Souhaite Tester la Page Login avec Des Données Valides" classname="Je Souhaite Tester La Page Login de l&apos;application Web Demo Shop" time="10.481">
    <system-out><![CDATA[
@login @tr @login_validCredentials
Scenario: Je Souhaite Tester la Page Login avec Des Données Valides # src/spec/features/login/01_login.feature:11
  Given Je me connecte sur le site Web Demo Shop                    # com.e2eTest.automation.step_definitions.LoginSteps.jeMeConnecteSurLeSiteWebDemoShop()
  When Je clique sur le bouton Log in                               # com.e2eTest.automation.step_definitions.LoginSteps.jeCliqueSurLeBoutonLogIn()
  And Je saisis une adresse mail                                    # com.e2eTest.automation.step_definitions.LoginSteps.jeSaisisUneAdresseMail()
  And Je saisis un mot de passe                                     # com.e2eTest.automation.step_definitions.LoginSteps.jeSaisisUnMotDePasse()
  And Je clique sur le bouton Login                                 # com.e2eTest.automation.step_definitions.LoginSteps.jeCliqueSurLeBoutonLogin()
  Then Je me redirige vers la page home "ziedhannachi0@gmail.com"   # com.e2eTest.automation.step_definitions.LoginSteps.jeMeRedirigeVersLaPageHome(java.lang.String)
]]></system-out>
  </testcase>
  <testcase name="Je Souhaite Tester la Page Login avec Des Données invalides #1" classname="Je Souhaite Tester La Page Login de l&apos;application Web Demo Shop" time="5.491">
    <system-out><![CDATA[
@login @tr @login_invalidCredentials
Scenario Outline: Je Souhaite Tester la Page Login avec Des Données invalides                              # src/spec/features/login/01_login.feature:28
  Given Je me connecte sur le site Web Demo Shop                                                           # com.e2eTest.automation.step_definitions.LoginSteps.jeMeConnecteSurLeSiteWebDemoShop()
  When Je clique sur le bouton Log in                                                                      # com.e2eTest.automation.step_definitions.LoginSteps.jeCliqueSurLeBoutonLogIn()
  And Je saisis une adresse mail "yasser.abc@gmail.com"                                                    # com.e2eTest.automation.step_definitions.LoginSteps.jeSaisisUneAdresseMail(java.lang.String)
  And Je saisis un mot de passe "yasser123"                                                                # com.e2eTest.automation.step_definitions.LoginSteps.jeSaisisUnMotDePasse(java.lang.String)
  And Je clique sur le bouton Login                                                                        # com.e2eTest.automation.step_definitions.LoginSteps.jeCliqueSurLeBoutonLogin()
  Then Je visualise le message d'erreur "Login was unsuccessful. Please correct the errors and try again." # com.e2eTest.automation.step_definitions.LoginSteps.jeVisualiseLeMessageDErreur(java.lang.String)
]]></system-out>
  </testcase>
  <testcase name="Je Souhaite Tester la Page Login avec Des Données invalides #2" classname="Je Souhaite Tester La Page Login de l&apos;application Web Demo Shop" time="5.374">
    <system-out><![CDATA[
@login @tr @login_invalidCredentials
Scenario Outline: Je Souhaite Tester la Page Login avec Des Données invalides                              # src/spec/features/login/01_login.feature:29
  Given Je me connecte sur le site Web Demo Shop                                                           # com.e2eTest.automation.step_definitions.LoginSteps.jeMeConnecteSurLeSiteWebDemoShop()
  When Je clique sur le bouton Log in                                                                      # com.e2eTest.automation.step_definitions.LoginSteps.jeCliqueSurLeBoutonLogIn()
  And Je saisis une adresse mail "rami.abc@gmail.com"                                                      # com.e2eTest.automation.step_definitions.LoginSteps.jeSaisisUneAdresseMail(java.lang.String)
  And Je saisis un mot de passe "rami123"                                                                  # com.e2eTest.automation.step_definitions.LoginSteps.jeSaisisUnMotDePasse(java.lang.String)
  And Je clique sur le bouton Login                                                                        # com.e2eTest.automation.step_definitions.LoginSteps.jeCliqueSurLeBoutonLogin()
  Then Je visualise le message d'erreur "Login was unsuccessful. Please correct the errors and try again." # com.e2eTest.automation.step_definitions.LoginSteps.jeVisualiseLeMessageDErreur(java.lang.String)
]]></system-out>
  </testcase>
  <testcase name="Je Souhaite Tester la Page Login avec Des Données invalides #3" classname="Je Souhaite Tester La Page Login de l&apos;application Web Demo Shop" time="4.151">
    <system-out><![CDATA[
@login @tr @login_invalidCredentials
Scenario Outline: Je Souhaite Tester la Page Login avec Des Données invalides                              # src/spec/features/login/01_login.feature:30
  Given Je me connecte sur le site Web Demo Shop                                                           # com.e2eTest.automation.step_definitions.LoginSteps.jeMeConnecteSurLeSiteWebDemoShop()
  When Je clique sur le bouton Log in                                                                      # com.e2eTest.automation.step_definitions.LoginSteps.jeCliqueSurLeBoutonLogIn()
  And Je saisis une adresse mail "kawther.abc@gmail.com"                                                   # com.e2eTest.automation.step_definitions.LoginSteps.jeSaisisUneAdresseMail(java.lang.String)
  And Je saisis un mot de passe "kawther123"                                                               # com.e2eTest.automation.step_definitions.LoginSteps.jeSaisisUnMotDePasse(java.lang.String)
  And Je clique sur le bouton Login                                                                        # com.e2eTest.automation.step_definitions.LoginSteps.jeCliqueSurLeBoutonLogin()
  Then Je visualise le message d'erreur "Login was unsuccessful. Please correct the errors and try again." # com.e2eTest.automation.step_definitions.LoginSteps.jeVisualiseLeMessageDErreur(java.lang.String)
]]></system-out>
  </testcase>
</testsuite>